<?xml version="1.0" encoding="utf-8"?><testsuites name="pytest tests"><testsuite name="pytest" errors="0" failures="0" skipped="1" tests="40" time="6.260" timestamp="2026-06-03T11:56:18.278015+00:00" hostname="agent-env-3dff1ab0-4d27-4bbd-ae7c-43de7f0bf071"><testcase classname="backend.tests.test_kkm_api.TestAuth" name="test_health" time="0.166" /><testcase classname="backend.tests.test_kkm_api.TestAuth" name="test_register_duplicate_rejected" time="0.331" /><testcase classname="backend.tests.test_kkm_api.TestAuth" name="test_login_success" time="0.278" /><testcase classname="backend.tests.test_kkm_api.TestAuth" name="test_login_invalid" time="0.272" /><testcase classname="backend.tests.test_kkm_api.TestAuth" name="test_me_with_token" time="0.107" /><testcase classname="backend.tests.test_kkm_api.TestAuth" name="test_me_without_token" time="0.057" /><testcase classname="backend.tests.test_kkm_api.TestWorldGen" name="test_world_counts" time="0.142" /><testcase classname="backend.tests.test_kkm_api.TestWorldGen" name="test_kings_and_heirs" time="0.000" /><testcase classname="backend.tests.test_kkm_api.TestWorldGen" name="test_player_initialised" time="0.000" /><testcase classname="backend.tests.test_kkm_api.TestWorldGen" name="test_get_state" time="0.059" /><testcase classname="backend.tests.test_kkm_api.TestAdvance" name="test_advance_seven_days" time="0.120" /><testcase classname="backend.tests.test_kkm_api.TestChat" name="test_all_topics" time="0.428" /><testcase classname="backend.tests.test_kkm_api.TestChat" name="test_invalid_npc" time="0.050" /><testcase classname="backend.tests.test_kkm_api.TestTravel" name="test_travel_changes_location_and_advances" time="0.117" /><testcase classname="backend.tests.test_kkm_api.TestTrade" name="test_buy_sell_cycle" time="0.180" /><testcase classname="backend.tests.test_kkm_api.TestTrade" name="test_buy_insufficient_funds" time="0.103" /><testcase classname="backend.tests.test_kkm_api.TestTrade" name="test_sell_insufficient_inventory" time="0.103" /><testcase classname="backend.tests.test_kkm_api.TestWorkJob" name="test_work" time="0.118" /><testcase classname="backend.tests.test_kkm_api.TestWorkJob" name="test_change_job" time="0.059" /><testcase classname="backend.tests.test_kkm_api.TestWorkJob" name="test_change_job_invalid" time="0.047" /><testcase classname="backend.tests.test_kkm_api.TestWorkJob" name="test_change_job_lord_forbidden" time="0.049" /><testcase classname="backend.tests.test_kkm_api.TestCrime" name="test_crime_valid_type" time="0.063" /><testcase classname="backend.tests.test_kkm_api.TestCrime" name="test_crime_invalid" time="0.049" /><testcase classname="backend.tests.test_kkm_api.TestBattle" name="test_battle" time="0.058" /><testcase classname="backend.tests.test_kkm_api.TestQuests" name="test_accept_complete_quest" time="0.180" /><testcase classname="backend.tests.test_kkm_api.TestQuests" name="test_complete_unknown_quest" time="0.049" /><testcase classname="backend.tests.test_kkm_api.TestMarry" name="test_marry_low_relationship_rejected" time="0.104" /><testcase classname="backend.tests.test_kkm_api.TestDialogTopics" name="test_dialog_topics" time="0.045" /><testcase classname="backend.tests.test_kkm_api" name="test_zz_cleanup_delete_state" time="0.046" /><testcase classname="backend.tests.test_kkm_new_features.TestNPCMemoryAndRepeat" name="test_chat_increments_interactions_and_varies" time="0.710" /><testcase classname="backend.tests.test_kkm_new_features.TestNPCMemoryAndRepeat" name="test_repeat_irritation_text" time="0.340" /><testcase classname="backend.tests.test_kkm_new_features.TestFactionRoles" name="test_king_refuses_low_status_player" time="0.114" /><testcase classname="backend.tests.test_kkm_new_features.TestFactionRoles" name="test_soldier_threat_when_player_has_crime" time="0.478" /><testcase classname="backend.tests.test_kkm_new_features.TestEconomySupplyDemand" name="test_state_has_market_per_location" time="0.066" /><testcase classname="backend.tests.test_kkm_new_features.TestEconomySupplyDemand" name="test_buying_decreases_supply_increases_price" time="0.121" /><testcase classname="backend.tests.test_kkm_new_features.TestEconomySupplyDemand" name="test_selling_increases_supply_decreases_price" time="0.183" /><testcase classname="backend.tests.test_kkm_new_features.TestEconomySupplyDemand" name="test_advance_simulates_market" time="0.127" /><testcase classname="backend.tests.test_kkm_new_features.TestAttackNPC" name="test_attack_kills_npc_and_persists" time="0.062"><skipped type="pytest.skip" message="No commoner NPC at player location to attack">/app/backend/tests/test_kkm_new_features.py:269: No commoner NPC at player location to attack</skipped></testcase><testcase classname="backend.tests.test_kkm_new_features.TestAttackNPC" name="test_attack_invalid_target" time="0.057" /><testcase classname="backend.tests.test_kkm_new_features.TestSoldierEnforcement" name="test_work_returns_enforcement_field" time="0.506" /></testsuite></testsuites>