<?xml version="1.0" encoding="utf-8"?><testsuites name="pytest tests"><testsuite name="pytest" errors="0" failures="0" skipped="0" tests="29" time="3.807" timestamp="2026-06-03T10:58:25.614861+00:00" hostname="agent-env-3dff1ab0-4d27-4bbd-ae7c-43de7f0bf071"><testcase classname="backend.tests.test_kkm_api.TestAuth" name="test_health" time="0.278" /><testcase classname="backend.tests.test_kkm_api.TestAuth" name="test_register_duplicate_rejected" time="0.327" /><testcase classname="backend.tests.test_kkm_api.TestAuth" name="test_login_success" time="0.270" /><testcase classname="backend.tests.test_kkm_api.TestAuth" name="test_login_invalid" time="0.272" /><testcase classname="backend.tests.test_kkm_api.TestAuth" name="test_me_with_token" time="0.169" /><testcase classname="backend.tests.test_kkm_api.TestAuth" name="test_me_without_token" time="0.053" /><testcase classname="backend.tests.test_kkm_api.TestWorldGen" name="test_world_counts" time="0.122" /><testcase classname="backend.tests.test_kkm_api.TestWorldGen" name="test_kings_and_heirs" time="0.000" /><testcase classname="backend.tests.test_kkm_api.TestWorldGen" name="test_player_initialised" time="0.000" /><testcase classname="backend.tests.test_kkm_api.TestWorldGen" name="test_get_state" time="0.058" /><testcase classname="backend.tests.test_kkm_api.TestAdvance" name="test_advance_seven_days" time="0.127" /><testcase classname="backend.tests.test_kkm_api.TestChat" name="test_all_topics" time="0.449" /><testcase classname="backend.tests.test_kkm_api.TestChat" name="test_invalid_npc" time="0.050" /><testcase classname="backend.tests.test_kkm_api.TestTravel" name="test_travel_changes_location_and_advances" time="0.118" /><testcase classname="backend.tests.test_kkm_api.TestTrade" name="test_buy_sell_cycle" time="0.174" /><testcase classname="backend.tests.test_kkm_api.TestTrade" name="test_buy_insufficient_funds" time="0.114" /><testcase classname="backend.tests.test_kkm_api.TestTrade" name="test_sell_insufficient_inventory" time="0.109" /><testcase classname="backend.tests.test_kkm_api.TestWorkJob" name="test_work" time="0.116" /><testcase classname="backend.tests.test_kkm_api.TestWorkJob" name="test_change_job" time="0.059" /><testcase classname="backend.tests.test_kkm_api.TestWorkJob" name="test_change_job_invalid" time="0.050" /><testcase classname="backend.tests.test_kkm_api.TestWorkJob" name="test_change_job_lord_forbidden" time="0.080" /><testcase classname="backend.tests.test_kkm_api.TestCrime" name="test_crime_valid_type" time="0.060" /><testcase classname="backend.tests.test_kkm_api.TestCrime" name="test_crime_invalid" time="0.050" /><testcase classname="backend.tests.test_kkm_api.TestBattle" name="test_battle" time="0.069" /><testcase classname="backend.tests.test_kkm_api.TestQuests" name="test_accept_complete_quest" time="0.180" /><testcase classname="backend.tests.test_kkm_api.TestQuests" name="test_complete_unknown_quest" time="0.054" /><testcase classname="backend.tests.test_kkm_api.TestMarry" name="test_marry_low_relationship_rejected" time="0.110" /><testcase classname="backend.tests.test_kkm_api.TestDialogTopics" name="test_dialog_topics" time="0.050" /><testcase classname="backend.tests.test_kkm_api" name="test_zz_cleanup_delete_state" time="0.050" /></testsuite></testsuites>