<?xml version="1.0" encoding="utf-8"?><testsuites name="pytest tests"><testsuite name="pytest" errors="0" failures="0" skipped="0" tests="11" time="2.924" timestamp="2026-06-03T11:55:41.881296+00:00" hostname="agent-env-3dff1ab0-4d27-4bbd-ae7c-43de7f0bf071"><testcase classname="backend.tests.test_kkm_new_features.TestNPCMemoryAndRepeat" name="test_chat_increments_interactions_and_varies" time="0.928" /><testcase classname="backend.tests.test_kkm_new_features.TestNPCMemoryAndRepeat" name="test_repeat_irritation_text" time="0.345" /><testcase classname="backend.tests.test_kkm_new_features.TestFactionRoles" name="test_king_refuses_low_status_player" time="0.115" /><testcase classname="backend.tests.test_kkm_new_features.TestFactionRoles" name="test_soldier_threat_when_player_has_crime" time="0.454" /><testcase classname="backend.tests.test_kkm_new_features.TestEconomySupplyDemand" name="test_state_has_market_per_location" time="0.063" /><testcase classname="backend.tests.test_kkm_new_features.TestEconomySupplyDemand" name="test_buying_decreases_supply_increases_price" time="0.127" /><testcase classname="backend.tests.test_kkm_new_features.TestEconomySupplyDemand" name="test_selling_increases_supply_decreases_price" time="0.197" /><testcase classname="backend.tests.test_kkm_new_features.TestEconomySupplyDemand" name="test_advance_simulates_market" time="0.131" /><testcase classname="backend.tests.test_kkm_new_features.TestAttackNPC" name="test_attack_kills_npc_and_persists" time="0.201" /><testcase classname="backend.tests.test_kkm_new_features.TestAttackNPC" name="test_attack_invalid_target" time="0.055" /><testcase classname="backend.tests.test_kkm_new_features.TestSoldierEnforcement" name="test_work_returns_enforcement_field" time="0.131" /></testsuite></testsuites>