<?xml version="1.0" encoding="utf-8"?><testsuites name="pytest tests"><testsuite name="pytest" errors="0" failures="0" skipped="0" tests="21" time="3.331" timestamp="2026-06-03T13:21:15.792871+00:00" hostname="agent-env-3dff1ab0-4d27-4bbd-ae7c-43de7f0bf071"><testcase classname="backend.tests.test_kkm_v3.TestV3InitialState" name="test_new_game_v3_schema" time="0.624" /><testcase classname="backend.tests.test_kkm_v3.TestV3Advance" name="test_advance_4_weeks" time="0.135" /><testcase classname="backend.tests.test_kkm_v3.TestV3Advance" name="test_advance_48_weeks_ages_up" time="0.200" /><testcase classname="backend.tests.test_kkm_v3.TestEmotionalStages" name="test_repeat_escalation" time="0.440" /><testcase classname="backend.tests.test_kkm_v3.TestParentDialogue" name="test_parent_addresses_child" time="0.176" /><testcase classname="backend.tests.test_kkm_v3.TestChildGates" name="test_attack_blocked" time="0.157" /><testcase classname="backend.tests.test_kkm_v3.TestChildGates" name="test_crime_blocked" time="0.081" /><testcase classname="backend.tests.test_kkm_v3.TestChildGates" name="test_quest_accept_blocked" time="0.050" /><testcase classname="backend.tests.test_kkm_v3.TestChildGates" name="test_marry_blocked" time="0.050" /><testcase classname="backend.tests.test_kkm_v3.TestChildGates" name="test_job_asker_blocked" time="0.050" /><testcase classname="backend.tests.test_kkm_v3.TestChildGates" name="test_job_koylu_stat_gated" time="0.049" /><testcase classname="backend.tests.test_kkm_v3.TestTravelChild" name="test_travel_to_kale_blocked" time="0.109" /><testcase classname="backend.tests.test_kkm_v3.TestTravelChild" name="test_travel_to_koy_ok" time="0.128" /><testcase classname="backend.tests.test_kkm_v3.TestJobsWork" name="test_jobs_list" time="0.166" /><testcase classname="backend.tests.test_kkm_v3.TestJobsWork" name="test_work_işsiz" time="0.134" /><testcase classname="backend.tests.test_kkm_v3.TestItems" name="test_items_endpoint" time="0.048" /><testcase classname="backend.tests.test_kkm_v3.TestItems" name="test_use_ekmek" time="0.244" /><testcase classname="backend.tests.test_kkm_v3.TestItems" name="test_use_ekmek_insufficient" time="0.112" /><testcase classname="backend.tests.test_kkm_v3.TestItems" name="test_unequip_body" time="0.176" /><testcase classname="backend.tests.test_kkm_v3.TestSkillsFamily" name="test_skills_endpoint" time="0.047" /><testcase classname="backend.tests.test_kkm_v3.TestSkillsFamily" name="test_family_quests_endpoint" time="0.052" /></testsuite></testsuites>